
Logging initialized using configuration in jar:file:/home/ubuntu/software/hive-1.2.1/lib/hive-common-1.2.1.jar!/hive-log4j.properties
Hive history file=/tmp/ubuntu/hive_job_log_7b8b9a1f-8e14-45d4-9ec2-eb82a1fa1578_1413135439.txt
SLF4J: Class path contains multiple SLF4J bindings.
SLF4J: Found binding in [jar:file:/home/ubuntu/software/tez-0.7.1-SNAPSHOT-minimal/lib/slf4j-log4j12-1.7.5.jar!/org/slf4j/impl/StaticLoggerBinder.class]
SLF4J: Found binding in [jar:file:/home/ubuntu/software/hadoop-2.6.0/share/hadoop/common/lib/slf4j-log4j12-1.7.5.jar!/org/slf4j/impl/StaticLoggerBinder.class]
SLF4J: See http://www.slf4j.org/codes.html#multiple_bindings for an explanation.
SLF4J: Actual binding is of type [org.slf4j.impl.Log4jLoggerFactory]
OK
Time taken: 0.972 seconds
Query ID = ubuntu_20170923222837_abd06c9f-69f3-4fd3-86f5-239ff1e603fb
Total jobs = 11
Stage-29 is selected by condition resolver.
Stage-1 is filtered out by condition resolver.
Stage-30 is selected by condition resolver.
Stage-7 is filtered out by condition resolver.
Stage-31 is selected by condition resolver.
Stage-9 is filtered out by condition resolver.
SLF4J: Class path contains multiple SLF4J bindings.
SLF4J: Found binding in [jar:file:/home/ubuntu/software/tez-0.7.1-SNAPSHOT-minimal/lib/slf4j-log4j12-1.7.5.jar!/org/slf4j/impl/StaticLoggerBinder.class]
SLF4J: Found binding in [jar:file:/home/ubuntu/software/hadoop-2.6.0/share/hadoop/common/lib/slf4j-log4j12-1.7.5.jar!/org/slf4j/impl/StaticLoggerBinder.class]
SLF4J: See http://www.slf4j.org/codes.html#multiple_bindings for an explanation.
SLF4J: Actual binding is of type [org.slf4j.impl.Log4jLoggerFactory]
Execution log at: /tmp/ubuntu/ubuntu_20170923222837_abd06c9f-69f3-4fd3-86f5-239ff1e603fb.log
2017-09-23 22:28:44	Starting to launch local task to process map join;	maximum memory = 932184064
2017-09-23 22:28:46	Dump the side-table for tag: 1 with group count: 31 into file: file:/tmp/ubuntu/7b8b9a1f-8e14-45d4-9ec2-eb82a1fa1578/hive_2017-09-23_22-28-37_676_7936271705449786838-1/-local-10016/HashTable-Stage-17/MapJoin-mapfile31--.hashtable
2017-09-23 22:28:46	Uploaded 1 File to: file:/tmp/ubuntu/7b8b9a1f-8e14-45d4-9ec2-eb82a1fa1578/hive_2017-09-23_22-28-37_676_7936271705449786838-1/-local-10016/HashTable-Stage-17/MapJoin-mapfile31--.hashtable (914 bytes)
2017-09-23 22:28:46	End of local task; Time Taken: 1.808 sec.
Execution completed successfully
MapredLocal task succeeded
SLF4J: Class path contains multiple SLF4J bindings.
SLF4J: Found binding in [jar:file:/home/ubuntu/software/tez-0.7.1-SNAPSHOT-minimal/lib/slf4j-log4j12-1.7.5.jar!/org/slf4j/impl/StaticLoggerBinder.class]
SLF4J: Found binding in [jar:file:/home/ubuntu/software/hadoop-2.6.0/share/hadoop/common/lib/slf4j-log4j12-1.7.5.jar!/org/slf4j/impl/StaticLoggerBinder.class]
SLF4J: See http://www.slf4j.org/codes.html#multiple_bindings for an explanation.
SLF4J: Actual binding is of type [org.slf4j.impl.Log4jLoggerFactory]
Execution log at: /tmp/ubuntu/ubuntu_20170923222837_abd06c9f-69f3-4fd3-86f5-239ff1e603fb.log
2017-09-23 22:28:50	Starting to launch local task to process map join;	maximum memory = 932184064
2017-09-23 22:28:52	Dump the side-table for tag: 1 with group count: 31 into file: file:/tmp/ubuntu/7b8b9a1f-8e14-45d4-9ec2-eb82a1fa1578/hive_2017-09-23_22-28-37_676_7936271705449786838-1/-local-10018/HashTable-Stage-20/MapJoin-mapfile51--.hashtable
2017-09-23 22:28:52	Uploaded 1 File to: file:/tmp/ubuntu/7b8b9a1f-8e14-45d4-9ec2-eb82a1fa1578/hive_2017-09-23_22-28-37_676_7936271705449786838-1/-local-10018/HashTable-Stage-20/MapJoin-mapfile51--.hashtable (914 bytes)
2017-09-23 22:28:52	End of local task; Time Taken: 1.931 sec.
Execution completed successfully
MapredLocal task succeeded
SLF4J: Class path contains multiple SLF4J bindings.
SLF4J: Found binding in [jar:file:/home/ubuntu/software/tez-0.7.1-SNAPSHOT-minimal/lib/slf4j-log4j12-1.7.5.jar!/org/slf4j/impl/StaticLoggerBinder.class]
SLF4J: Found binding in [jar:file:/home/ubuntu/software/hadoop-2.6.0/share/hadoop/common/lib/slf4j-log4j12-1.7.5.jar!/org/slf4j/impl/StaticLoggerBinder.class]
SLF4J: See http://www.slf4j.org/codes.html#multiple_bindings for an explanation.
SLF4J: Actual binding is of type [org.slf4j.impl.Log4jLoggerFactory]
Execution log at: /tmp/ubuntu/ubuntu_20170923222837_abd06c9f-69f3-4fd3-86f5-239ff1e603fb.log
2017-09-23 22:28:56	Starting to launch local task to process map join;	maximum memory = 932184064
2017-09-23 22:28:58	Dump the side-table for tag: 1 with group count: 31 into file: file:/tmp/ubuntu/7b8b9a1f-8e14-45d4-9ec2-eb82a1fa1578/hive_2017-09-23_22-28-37_676_7936271705449786838-1/-local-10020/HashTable-Stage-23/MapJoin-mapfile71--.hashtable
2017-09-23 22:28:58	Uploaded 1 File to: file:/tmp/ubuntu/7b8b9a1f-8e14-45d4-9ec2-eb82a1fa1578/hive_2017-09-23_22-28-37_676_7936271705449786838-1/-local-10020/HashTable-Stage-23/MapJoin-mapfile71--.hashtable (914 bytes)
2017-09-23 22:28:58	End of local task; Time Taken: 1.545 sec.
Execution completed successfully
MapredLocal task succeeded
Launching Job 4 out of 11
Number of reduce tasks is set to 0 since there's no reduce operator
Starting Job = job_1505508390280_0035, Tracking URL = http://vm-32-1:8088/proxy/application_1505508390280_0035/
Kill Command = /home/ubuntu/software/hadoop-2.6.0/bin/hadoop job  -kill job_1505508390280_0035
Hadoop job information for Stage-17: number of mappers: 26; number of reducers: 0
2017-09-23 22:29:07,048 Stage-17 map = 0%,  reduce = 0%
2017-09-23 22:29:19,703 Stage-17 map = 9%,  reduce = 0%, Cumulative CPU 42.86 sec
2017-09-23 22:29:20,800 Stage-17 map = 13%,  reduce = 0%, Cumulative CPU 58.15 sec
2017-09-23 22:29:21,900 Stage-17 map = 21%,  reduce = 0%, Cumulative CPU 62.89 sec
2017-09-23 22:29:22,989 Stage-17 map = 28%,  reduce = 0%, Cumulative CPU 70.27 sec
2017-09-23 22:29:24,100 Stage-17 map = 36%,  reduce = 0%, Cumulative CPU 75.91 sec
2017-09-23 22:29:25,161 Stage-17 map = 39%,  reduce = 0%, Cumulative CPU 78.14 sec
2017-09-23 22:29:26,230 Stage-17 map = 44%,  reduce = 0%, Cumulative CPU 82.27 sec
2017-09-23 22:29:27,287 Stage-17 map = 46%,  reduce = 0%, Cumulative CPU 82.94 sec
2017-09-23 22:29:31,519 Stage-17 map = 50%,  reduce = 0%, Cumulative CPU 88.47 sec
2017-09-23 22:29:32,596 Stage-17 map = 62%,  reduce = 0%, Cumulative CPU 105.2 sec
2017-09-23 22:29:34,699 Stage-17 map = 66%,  reduce = 0%, Cumulative CPU 114.88 sec
2017-09-23 22:29:35,795 Stage-17 map = 71%,  reduce = 0%, Cumulative CPU 122.74 sec
2017-09-23 22:29:36,884 Stage-17 map = 77%,  reduce = 0%, Cumulative CPU 129.6 sec
2017-09-23 22:29:37,963 Stage-17 map = 81%,  reduce = 0%, Cumulative CPU 150.96 sec
2017-09-23 22:29:40,111 Stage-17 map = 87%,  reduce = 0%, Cumulative CPU 155.97 sec
2017-09-23 22:29:41,178 Stage-17 map = 95%,  reduce = 0%, Cumulative CPU 166.28 sec
2017-09-23 22:29:42,292 Stage-17 map = 100%,  reduce = 0%, Cumulative CPU 168.51 sec
MapReduce Total cumulative CPU time: 2 minutes 48 seconds 510 msec
Ended Job = job_1505508390280_0035
Launching Job 5 out of 11
Number of reduce tasks is set to 0 since there's no reduce operator
Starting Job = job_1505508390280_0036, Tracking URL = http://vm-32-1:8088/proxy/application_1505508390280_0036/
Kill Command = /home/ubuntu/software/hadoop-2.6.0/bin/hadoop job  -kill job_1505508390280_0036
Hadoop job information for Stage-20: number of mappers: 51; number of reducers: 0
2017-09-23 22:29:50,839 Stage-20 map = 0%,  reduce = 0%
2017-09-23 22:30:03,711 Stage-20 map = 3%,  reduce = 0%, Cumulative CPU 48.21 sec
2017-09-23 22:30:05,900 Stage-20 map = 6%,  reduce = 0%, Cumulative CPU 56.49 sec
2017-09-23 22:30:06,999 Stage-20 map = 13%,  reduce = 0%, Cumulative CPU 67.51 sec
2017-09-23 22:30:08,056 Stage-20 map = 17%,  reduce = 0%, Cumulative CPU 71.32 sec
2017-09-23 22:30:09,147 Stage-20 map = 24%,  reduce = 0%, Cumulative CPU 83.35 sec
2017-09-23 22:30:17,567 Stage-20 map = 25%,  reduce = 0%, Cumulative CPU 87.79 sec
2017-09-23 22:30:18,654 Stage-20 map = 27%,  reduce = 0%, Cumulative CPU 92.55 sec
2017-09-23 22:30:19,782 Stage-20 map = 31%,  reduce = 0%, Cumulative CPU 116.17 sec
2017-09-23 22:30:20,844 Stage-20 map = 33%,  reduce = 0%, Cumulative CPU 133.82 sec
2017-09-23 22:30:22,988 Stage-20 map = 38%,  reduce = 0%, Cumulative CPU 143.73 sec
2017-09-23 22:30:24,060 Stage-20 map = 43%,  reduce = 0%, Cumulative CPU 150.7 sec
2017-09-23 22:30:25,133 Stage-20 map = 44%,  reduce = 0%, Cumulative CPU 152.83 sec
2017-09-23 22:30:26,193 Stage-20 map = 47%,  reduce = 0%, Cumulative CPU 156.33 sec
2017-09-23 22:30:28,336 Stage-20 map = 49%,  reduce = 0%, Cumulative CPU 161.79 sec
2017-09-23 22:30:32,596 Stage-20 map = 50%,  reduce = 0%, Cumulative CPU 166.17 sec
2017-09-23 22:30:33,673 Stage-20 map = 52%,  reduce = 0%, Cumulative CPU 174.16 sec
2017-09-23 22:30:34,743 Stage-20 map = 53%,  reduce = 0%, Cumulative CPU 178.51 sec
2017-09-23 22:30:35,823 Stage-20 map = 56%,  reduce = 0%, Cumulative CPU 198.88 sec
2017-09-23 22:30:36,913 Stage-20 map = 58%,  reduce = 0%, Cumulative CPU 209.26 sec
2017-09-23 22:30:39,174 Stage-20 map = 64%,  reduce = 0%, Cumulative CPU 224.4 sec
2017-09-23 22:30:40,242 Stage-20 map = 68%,  reduce = 0%, Cumulative CPU 229.51 sec
2017-09-23 22:30:41,327 Stage-20 map = 70%,  reduce = 0%, Cumulative CPU 231.95 sec
2017-09-23 22:30:42,400 Stage-20 map = 73%,  reduce = 0%, Cumulative CPU 236.16 sec
2017-09-23 22:30:45,565 Stage-20 map = 75%,  reduce = 0%, Cumulative CPU 241.28 sec
2017-09-23 22:30:48,788 Stage-20 map = 76%,  reduce = 0%, Cumulative CPU 246.29 sec
2017-09-23 22:30:49,847 Stage-20 map = 78%,  reduce = 0%, Cumulative CPU 256.9 sec
2017-09-23 22:30:50,906 Stage-20 map = 79%,  reduce = 0%, Cumulative CPU 261.3 sec
2017-09-23 22:30:51,959 Stage-20 map = 81%,  reduce = 0%, Cumulative CPU 270.08 sec
2017-09-23 22:30:53,031 Stage-20 map = 86%,  reduce = 0%, Cumulative CPU 289.36 sec
2017-09-23 22:30:54,089 Stage-20 map = 90%,  reduce = 0%, Cumulative CPU 298.85 sec
2017-09-23 22:30:55,152 Stage-20 map = 92%,  reduce = 0%, Cumulative CPU 301.43 sec
2017-09-23 22:30:57,293 Stage-20 map = 95%,  reduce = 0%, Cumulative CPU 310.75 sec
2017-09-23 22:30:58,358 Stage-20 map = 100%,  reduce = 0%, Cumulative CPU 318.7 sec
MapReduce Total cumulative CPU time: 5 minutes 18 seconds 700 msec
Ended Job = job_1505508390280_0036
Launching Job 6 out of 11
Number of reduce tasks is set to 0 since there's no reduce operator
Starting Job = job_1505508390280_0037, Tracking URL = http://vm-32-1:8088/proxy/application_1505508390280_0037/
Kill Command = /home/ubuntu/software/hadoop-2.6.0/bin/hadoop job  -kill job_1505508390280_0037
Hadoop job information for Stage-23: number of mappers: 75; number of reducers: 0
2017-09-23 22:31:07,118 Stage-23 map = 0%,  reduce = 0%
2017-09-23 22:31:18,940 Stage-23 map = 8%,  reduce = 0%, Cumulative CPU 66.18 sec
2017-09-23 22:31:19,988 Stage-23 map = 12%,  reduce = 0%, Cumulative CPU 69.0 sec
2017-09-23 22:31:22,100 Stage-23 map = 13%,  reduce = 0%, Cumulative CPU 76.1 sec
2017-09-23 22:31:23,169 Stage-23 map = 14%,  reduce = 0%, Cumulative CPU 76.66 sec
2017-09-23 22:31:24,236 Stage-23 map = 16%,  reduce = 0%, Cumulative CPU 79.66 sec
2017-09-23 22:31:30,559 Stage-23 map = 23%,  reduce = 0%, Cumulative CPU 114.61 sec
2017-09-23 22:31:31,631 Stage-23 map = 27%,  reduce = 0%, Cumulative CPU 127.53 sec
2017-09-23 22:31:38,002 Stage-23 map = 29%,  reduce = 0%, Cumulative CPU 151.19 sec
2017-09-23 22:31:39,077 Stage-23 map = 31%,  reduce = 0%, Cumulative CPU 154.02 sec
2017-09-23 22:31:40,139 Stage-23 map = 32%,  reduce = 0%, Cumulative CPU 156.07 sec
2017-09-23 22:31:41,198 Stage-23 map = 35%,  reduce = 0%, Cumulative CPU 179.01 sec
2017-09-23 22:31:42,255 Stage-23 map = 38%,  reduce = 0%, Cumulative CPU 186.47 sec
2017-09-23 22:31:43,363 Stage-23 map = 40%,  reduce = 0%, Cumulative CPU 199.08 sec
2017-09-23 22:31:44,410 Stage-23 map = 42%,  reduce = 0%, Cumulative CPU 207.12 sec
2017-09-23 22:31:46,505 Stage-23 map = 43%,  reduce = 0%, Cumulative CPU 209.65 sec
2017-09-23 22:31:51,782 Stage-23 map = 44%,  reduce = 0%, Cumulative CPU 239.19 sec
2017-09-23 22:31:52,865 Stage-23 map = 47%,  reduce = 0%, Cumulative CPU 253.53 sec
2017-09-23 22:31:53,948 Stage-23 map = 51%,  reduce = 0%, Cumulative CPU 263.26 sec
2017-09-23 22:31:55,028 Stage-23 map = 53%,  reduce = 0%, Cumulative CPU 270.95 sec
2017-09-23 22:31:56,106 Stage-23 map = 56%,  reduce = 0%, Cumulative CPU 277.69 sec
2017-09-23 22:31:57,191 Stage-23 map = 57%,  reduce = 0%, Cumulative CPU 283.55 sec
2017-09-23 22:31:59,274 Stage-23 map = 59%,  reduce = 0%, Cumulative CPU 291.37 sec
2017-09-23 22:32:02,449 Stage-23 map = 60%,  reduce = 0%, Cumulative CPU 297.35 sec
2017-09-23 22:32:03,514 Stage-23 map = 61%,  reduce = 0%, Cumulative CPU 303.05 sec
2017-09-23 22:32:06,710 Stage-23 map = 62%,  reduce = 0%, Cumulative CPU 319.68 sec
2017-09-23 22:32:07,785 Stage-23 map = 63%,  reduce = 0%, Cumulative CPU 327.77 sec
2017-09-23 22:32:08,861 Stage-23 map = 64%,  reduce = 0%, Cumulative CPU 333.37 sec
2017-09-23 22:32:09,924 Stage-23 map = 65%,  reduce = 0%, Cumulative CPU 347.83 sec
2017-09-23 22:32:10,994 Stage-23 map = 67%,  reduce = 0%, Cumulative CPU 356.28 sec
2017-09-23 22:32:13,111 Stage-23 map = 69%,  reduce = 0%, Cumulative CPU 363.71 sec
2017-09-23 22:32:14,164 Stage-23 map = 71%,  reduce = 0%, Cumulative CPU 368.61 sec
2017-09-23 22:32:16,258 Stage-23 map = 72%,  reduce = 0%, Cumulative CPU 370.26 sec
2017-09-23 22:32:18,372 Stage-23 map = 77%,  reduce = 0%, Cumulative CPU 389.61 sec
2017-09-23 22:32:19,434 Stage-23 map = 80%,  reduce = 0%, Cumulative CPU 403.27 sec
2017-09-23 22:32:20,500 Stage-23 map = 81%,  reduce = 0%, Cumulative CPU 408.99 sec
2017-09-23 22:32:22,630 Stage-23 map = 84%,  reduce = 0%, Cumulative CPU 421.54 sec
2017-09-23 22:32:23,688 Stage-23 map = 85%,  reduce = 0%, Cumulative CPU 427.58 sec
2017-09-23 22:32:27,871 Stage-23 map = 86%,  reduce = 0%, Cumulative CPU 433.56 sec
2017-09-23 22:32:28,924 Stage-23 map = 87%,  reduce = 0%, Cumulative CPU 433.9 sec
2017-09-23 22:32:29,977 Stage-23 map = 88%,  reduce = 0%, Cumulative CPU 462.22 sec
2017-09-23 22:32:31,058 Stage-23 map = 89%,  reduce = 0%, Cumulative CPU 472.8 sec
2017-09-23 22:32:33,189 Stage-23 map = 93%,  reduce = 0%, Cumulative CPU 487.1 sec
2017-09-23 22:32:34,265 Stage-23 map = 94%,  reduce = 0%, Cumulative CPU 496.03 sec
2017-09-23 22:32:35,331 Stage-23 map = 95%,  reduce = 0%, Cumulative CPU 500.07 sec
2017-09-23 22:32:37,442 Stage-23 map = 96%,  reduce = 0%, Cumulative CPU 505.12 sec
2017-09-23 22:32:38,512 Stage-23 map = 99%,  reduce = 0%, Cumulative CPU 509.43 sec
2017-09-23 22:32:40,640 Stage-23 map = 100%,  reduce = 0%, Cumulative CPU 512.45 sec
MapReduce Total cumulative CPU time: 8 minutes 32 seconds 450 msec
Ended Job = job_1505508390280_0037
Stage-27 is filtered out by condition resolver.
Stage-28 is selected by condition resolver.
Stage-2 is filtered out by condition resolver.
SLF4J: Class path contains multiple SLF4J bindings.
SLF4J: Found binding in [jar:file:/home/ubuntu/software/tez-0.7.1-SNAPSHOT-minimal/lib/slf4j-log4j12-1.7.5.jar!/org/slf4j/impl/StaticLoggerBinder.class]
SLF4J: Found binding in [jar:file:/home/ubuntu/software/hadoop-2.6.0/share/hadoop/common/lib/slf4j-log4j12-1.7.5.jar!/org/slf4j/impl/StaticLoggerBinder.class]
SLF4J: See http://www.slf4j.org/codes.html#multiple_bindings for an explanation.
SLF4J: Actual binding is of type [org.slf4j.impl.Log4jLoggerFactory]
Execution log at: /tmp/ubuntu/ubuntu_20170923222837_abd06c9f-69f3-4fd3-86f5-239ff1e603fb.log
2017-09-23 22:32:45	Starting to launch local task to process map join;	maximum memory = 932184064
2017-09-23 22:32:47	Dump the side-table for tag: 0 with group count: 1133 into file: file:/tmp/ubuntu/7b8b9a1f-8e14-45d4-9ec2-eb82a1fa1578/hive_2017-09-23_22-28-37_676_7936271705449786838-1/-local-10014/HashTable-Stage-15/MapJoin-mapfile20--.hashtable
2017-09-23 22:32:47	Uploaded 1 File to: file:/tmp/ubuntu/7b8b9a1f-8e14-45d4-9ec2-eb82a1fa1578/hive_2017-09-23_22-28-37_676_7936271705449786838-1/-local-10014/HashTable-Stage-15/MapJoin-mapfile20--.hashtable (48343 bytes)
2017-09-23 22:32:47	End of local task; Time Taken: 1.462 sec.
Execution completed successfully
MapredLocal task succeeded
Launching Job 8 out of 11
Number of reduce tasks is set to 0 since there's no reduce operator
Starting Job = job_1505508390280_0038, Tracking URL = http://vm-32-1:8088/proxy/application_1505508390280_0038/
Kill Command = /home/ubuntu/software/hadoop-2.6.0/bin/hadoop job  -kill job_1505508390280_0038
Hadoop job information for Stage-15: number of mappers: 9; number of reducers: 0
2017-09-23 22:32:54,733 Stage-15 map = 0%,  reduce = 0%
2017-09-23 22:33:03,171 Stage-15 map = 22%,  reduce = 0%, Cumulative CPU 2.46 sec
2017-09-23 22:33:04,242 Stage-15 map = 56%,  reduce = 0%, Cumulative CPU 12.78 sec
2017-09-23 22:33:06,368 Stage-15 map = 89%,  reduce = 0%, Cumulative CPU 32.09 sec
2017-09-23 22:33:07,431 Stage-15 map = 100%,  reduce = 0%, Cumulative CPU 38.62 sec
MapReduce Total cumulative CPU time: 38 seconds 620 msec
Ended Job = job_1505508390280_0038
SLF4J: Class path contains multiple SLF4J bindings.
SLF4J: Found binding in [jar:file:/home/ubuntu/software/tez-0.7.1-SNAPSHOT-minimal/lib/slf4j-log4j12-1.7.5.jar!/org/slf4j/impl/StaticLoggerBinder.class]
SLF4J: Found binding in [jar:file:/home/ubuntu/software/hadoop-2.6.0/share/hadoop/common/lib/slf4j-log4j12-1.7.5.jar!/org/slf4j/impl/StaticLoggerBinder.class]
SLF4J: See http://www.slf4j.org/codes.html#multiple_bindings for an explanation.
SLF4J: Actual binding is of type [org.slf4j.impl.Log4jLoggerFactory]
Execution log at: /tmp/ubuntu/ubuntu_20170923222837_abd06c9f-69f3-4fd3-86f5-239ff1e603fb.log
2017-09-23 22:33:12	Starting to launch local task to process map join;	maximum memory = 932184064
2017-09-23 22:33:13	Dump the side-table for tag: 1 with group count: 25200 into file: file:/tmp/ubuntu/7b8b9a1f-8e14-45d4-9ec2-eb82a1fa1578/hive_2017-09-23_22-28-37_676_7936271705449786838-1/-local-10010/HashTable-Stage-4/MapJoin-mapfile01--.hashtable
2017-09-23 22:33:13	Uploaded 1 File to: file:/tmp/ubuntu/7b8b9a1f-8e14-45d4-9ec2-eb82a1fa1578/hive_2017-09-23_22-28-37_676_7936271705449786838-1/-local-10010/HashTable-Stage-4/MapJoin-mapfile01--.hashtable (589187 bytes)
2017-09-23 22:33:13	End of local task; Time Taken: 1.684 sec.
Execution completed successfully
MapredLocal task succeeded
Launching Job 9 out of 11
Number of reduce tasks not specified. Estimated from input data size: 1
In order to change the average load for a reducer (in bytes):
  set hive.exec.reducers.bytes.per.reducer=<number>
In order to limit the maximum number of reducers:
  set hive.exec.reducers.max=<number>
In order to set a constant number of reducers:
  set mapreduce.job.reduces=<number>
Starting Job = job_1505508390280_0039, Tracking URL = http://vm-32-1:8088/proxy/application_1505508390280_0039/
Kill Command = /home/ubuntu/software/hadoop-2.6.0/bin/hadoop job  -kill job_1505508390280_0039
Hadoop job information for Stage-4: number of mappers: 3; number of reducers: 1
2017-09-23 22:33:20,529 Stage-4 map = 0%,  reduce = 0%
2017-09-23 22:33:30,053 Stage-4 map = 67%,  reduce = 0%, Cumulative CPU 10.23 sec
2017-09-23 22:33:31,122 Stage-4 map = 100%,  reduce = 0%, Cumulative CPU 15.78 sec
2017-09-23 22:33:38,592 Stage-4 map = 100%,  reduce = 100%, Cumulative CPU 19.65 sec
MapReduce Total cumulative CPU time: 19 seconds 650 msec
Ended Job = job_1505508390280_0039
Launching Job 10 out of 11
Number of reduce tasks determined at compile time: 1
In order to change the average load for a reducer (in bytes):
  set hive.exec.reducers.bytes.per.reducer=<number>
In order to limit the maximum number of reducers:
  set hive.exec.reducers.max=<number>
In order to set a constant number of reducers:
  set mapreduce.job.reduces=<number>
Starting Job = job_1505508390280_0040, Tracking URL = http://vm-32-1:8088/proxy/application_1505508390280_0040/
Kill Command = /home/ubuntu/software/hadoop-2.6.0/bin/hadoop job  -kill job_1505508390280_0040
Hadoop job information for Stage-5: number of mappers: 1; number of reducers: 1
2017-09-23 22:33:45,052 Stage-5 map = 0%,  reduce = 0%
2017-09-23 22:33:53,570 Stage-5 map = 100%,  reduce = 0%, Cumulative CPU 4.32 sec
2017-09-23 22:33:59,981 Stage-5 map = 100%,  reduce = 100%, Cumulative CPU 7.61 sec
MapReduce Total cumulative CPU time: 7 seconds 610 msec
Ended Job = job_1505508390280_0040
MapReduce Jobs Launched: 
Stage-Stage-17: Map: 26   Cumulative CPU: 168.51 sec   HDFS Read: 7607696668 HDFS Write: 33559270 SUCCESS
Stage-Stage-20: Map: 51   Cumulative CPU: 318.7 sec   HDFS Read: 15206657057 HDFS Write: 66584461 SUCCESS
Stage-Stage-23: Map: 75   Cumulative CPU: 512.45 sec   HDFS Read: 20137317321 HDFS Write: 124611113 SUCCESS
Stage-Stage-15: Map: 9   Cumulative CPU: 38.62 sec   HDFS Read: 224866831 HDFS Write: 6872036 SUCCESS
Stage-Stage-4: Map: 3  Reduce: 1   Cumulative CPU: 19.65 sec   HDFS Read: 6904962 HDFS Write: 1797898 SUCCESS
Stage-Stage-5: Map: 1  Reduce: 1   Cumulative CPU: 7.61 sec   HDFS Read: 1803124 HDFS Write: 1756938 SUCCESS
Total MapReduce CPU Time Spent: 17 minutes 45 seconds 540 msec
OK
Time taken: 324.595 seconds, Fetched: 36951 row(s)
79.23user 7.72system 5:31.02elapsed 26%CPU (0avgtext+0avgdata 885232maxresident)k
320inputs+776512outputs (9major+311707minor)pagefaults 0swaps
