
Logging initialized using configuration in jar:file:/home/ubuntu/software/hive-1.2.1/lib/hive-common-1.2.1.jar!/hive-log4j.properties
Hive history file=/tmp/ubuntu/hive_job_log_cd029122-fc6d-4723-8b64-f6a5346482fe_1619317114.txt
SLF4J: Class path contains multiple SLF4J bindings.
SLF4J: Found binding in [jar:file:/home/ubuntu/software/tez-0.7.1-SNAPSHOT-minimal/lib/slf4j-log4j12-1.7.5.jar!/org/slf4j/impl/StaticLoggerBinder.class]
SLF4J: Found binding in [jar:file:/home/ubuntu/software/hadoop-2.6.0/share/hadoop/common/lib/slf4j-log4j12-1.7.5.jar!/org/slf4j/impl/StaticLoggerBinder.class]
SLF4J: See http://www.slf4j.org/codes.html#multiple_bindings for an explanation.
SLF4J: Actual binding is of type [org.slf4j.impl.Log4jLoggerFactory]
OK
Time taken: 1.032 seconds
Query ID = ubuntu_20170923221804_290bca5c-990d-490b-abb0-fdc9aa708201
Total jobs = 9
SLF4J: Class path contains multiple SLF4J bindings.
SLF4J: Found binding in [jar:file:/home/ubuntu/software/tez-0.7.1-SNAPSHOT-minimal/lib/slf4j-log4j12-1.7.5.jar!/org/slf4j/impl/StaticLoggerBinder.class]
SLF4J: Found binding in [jar:file:/home/ubuntu/software/hadoop-2.6.0/share/hadoop/common/lib/slf4j-log4j12-1.7.5.jar!/org/slf4j/impl/StaticLoggerBinder.class]
SLF4J: See http://www.slf4j.org/codes.html#multiple_bindings for an explanation.
SLF4J: Actual binding is of type [org.slf4j.impl.Log4jLoggerFactory]
Execution log at: /tmp/ubuntu/ubuntu_20170923221804_290bca5c-990d-490b-abb0-fdc9aa708201.log
2017-09-23 22:18:11	Starting to launch local task to process map join;	maximum memory = 932184064
2017-09-23 22:18:13	Dump the side-table for tag: 1 with group count: 7 into file: file:/tmp/ubuntu/cd029122-fc6d-4723-8b64-f6a5346482fe/hive_2017-09-23_22-18-04_988_1292918486200151431-1/-local-10016/HashTable-Stage-15/MapJoin-mapfile41--.hashtable
2017-09-23 22:18:13	Uploaded 1 File to: file:/tmp/ubuntu/cd029122-fc6d-4723-8b64-f6a5346482fe/hive_2017-09-23_22-18-04_988_1292918486200151431-1/-local-10016/HashTable-Stage-15/MapJoin-mapfile41--.hashtable (504 bytes)
2017-09-23 22:18:13	End of local task; Time Taken: 1.467 sec.
Execution completed successfully
MapredLocal task succeeded
Launching Job 1 out of 9
Number of reduce tasks is set to 0 since there's no reduce operator
Starting Job = job_1505508390280_0024, Tracking URL = http://vm-32-1:8088/proxy/application_1505508390280_0024/
Kill Command = /home/ubuntu/software/hadoop-2.6.0/bin/hadoop job  -kill job_1505508390280_0024
Hadoop job information for Stage-15: number of mappers: 5; number of reducers: 0
2017-09-23 22:18:22,093 Stage-15 map = 0%,  reduce = 0%
2017-09-23 22:18:32,652 Stage-15 map = 2%,  reduce = 0%, Cumulative CPU 8.12 sec
2017-09-23 22:18:33,721 Stage-15 map = 7%,  reduce = 0%, Cumulative CPU 36.69 sec
2017-09-23 22:18:36,898 Stage-15 map = 11%,  reduce = 0%, Cumulative CPU 53.97 sec
2017-09-23 22:18:39,013 Stage-15 map = 14%,  reduce = 0%, Cumulative CPU 57.37 sec
2017-09-23 22:18:40,070 Stage-15 map = 21%,  reduce = 0%, Cumulative CPU 70.75 sec
2017-09-23 22:18:42,240 Stage-15 map = 25%,  reduce = 0%, Cumulative CPU 77.91 sec
2017-09-23 22:18:43,312 Stage-15 map = 30%,  reduce = 0%, Cumulative CPU 87.84 sec
2017-09-23 22:18:45,434 Stage-15 map = 34%,  reduce = 0%, Cumulative CPU 94.43 sec
2017-09-23 22:18:46,500 Stage-15 map = 41%,  reduce = 0%, Cumulative CPU 104.06 sec
2017-09-23 22:18:49,690 Stage-15 map = 46%,  reduce = 0%, Cumulative CPU 120.32 sec
2017-09-23 22:18:50,760 Stage-15 map = 48%,  reduce = 0%, Cumulative CPU 123.35 sec
2017-09-23 22:18:51,828 Stage-15 map = 53%,  reduce = 0%, Cumulative CPU 134.4 sec
2017-09-23 22:18:53,953 Stage-15 map = 58%,  reduce = 0%, Cumulative CPU 137.65 sec
2017-09-23 22:18:55,027 Stage-15 map = 60%,  reduce = 0%, Cumulative CPU 142.85 sec
2017-09-23 22:18:57,161 Stage-15 map = 62%,  reduce = 0%, Cumulative CPU 146.18 sec
2017-09-23 22:18:58,236 Stage-15 map = 64%,  reduce = 0%, Cumulative CPU 151.74 sec
2017-09-23 22:19:00,375 Stage-15 map = 65%,  reduce = 0%, Cumulative CPU 158.34 sec
2017-09-23 22:19:03,554 Stage-15 map = 69%,  reduce = 0%, Cumulative CPU 169.01 sec
2017-09-23 22:19:04,607 Stage-15 map = 71%,  reduce = 0%, Cumulative CPU 172.54 sec
2017-09-23 22:19:05,665 Stage-15 map = 73%,  reduce = 0%, Cumulative CPU 175.67 sec
2017-09-23 22:19:06,718 Stage-15 map = 75%,  reduce = 0%, Cumulative CPU 178.89 sec
2017-09-23 22:19:07,779 Stage-15 map = 76%,  reduce = 0%, Cumulative CPU 181.24 sec
2017-09-23 22:19:08,842 Stage-15 map = 78%,  reduce = 0%, Cumulative CPU 184.44 sec
2017-09-23 22:19:09,902 Stage-15 map = 82%,  reduce = 0%, Cumulative CPU 191.14 sec
2017-09-23 22:19:12,018 Stage-15 map = 84%,  reduce = 0%, Cumulative CPU 194.15 sec
2017-09-23 22:19:13,080 Stage-15 map = 85%,  reduce = 0%, Cumulative CPU 201.41 sec
2017-09-23 22:19:16,260 Stage-15 map = 87%,  reduce = 0%, Cumulative CPU 206.36 sec
2017-09-23 22:19:19,509 Stage-15 map = 91%,  reduce = 0%, Cumulative CPU 211.84 sec
2017-09-23 22:19:22,697 Stage-15 map = 93%,  reduce = 0%, Cumulative CPU 215.43 sec
2017-09-23 22:19:25,885 Stage-15 map = 95%,  reduce = 0%, Cumulative CPU 219.31 sec
2017-09-23 22:19:26,949 Stage-15 map = 96%,  reduce = 0%, Cumulative CPU 220.92 sec
2017-09-23 22:19:31,173 Stage-15 map = 98%,  reduce = 0%, Cumulative CPU 224.69 sec
2017-09-23 22:19:35,407 Stage-15 map = 100%,  reduce = 0%, Cumulative CPU 228.48 sec
MapReduce Total cumulative CPU time: 3 minutes 48 seconds 480 msec
Ended Job = job_1505508390280_0024
Stage-18 is selected by condition resolver.
Stage-19 is filtered out by condition resolver.
Stage-2 is filtered out by condition resolver.
SLF4J: Class path contains multiple SLF4J bindings.
SLF4J: Found binding in [jar:file:/home/ubuntu/software/tez-0.7.1-SNAPSHOT-minimal/lib/slf4j-log4j12-1.7.5.jar!/org/slf4j/impl/StaticLoggerBinder.class]
SLF4J: Found binding in [jar:file:/home/ubuntu/software/hadoop-2.6.0/share/hadoop/common/lib/slf4j-log4j12-1.7.5.jar!/org/slf4j/impl/StaticLoggerBinder.class]
SLF4J: See http://www.slf4j.org/codes.html#multiple_bindings for an explanation.
SLF4J: Actual binding is of type [org.slf4j.impl.Log4jLoggerFactory]
Execution log at: /tmp/ubuntu/ubuntu_20170923221804_290bca5c-990d-490b-abb0-fdc9aa708201.log
2017-09-23 22:19:42	Starting to launch local task to process map join;	maximum memory = 932184064
2017-09-23 22:19:44	Dump the side-table for tag: 1 with group count: 3863 into file: file:/tmp/ubuntu/cd029122-fc6d-4723-8b64-f6a5346482fe/hive_2017-09-23_22-18-04_988_1292918486200151431-1/-local-10012/HashTable-Stage-12/MapJoin-mapfile21--.hashtable
2017-09-23 22:19:44	Uploaded 1 File to: file:/tmp/ubuntu/cd029122-fc6d-4723-8b64-f6a5346482fe/hive_2017-09-23_22-18-04_988_1292918486200151431-1/-local-10012/HashTable-Stage-12/MapJoin-mapfile21--.hashtable (163270 bytes)
2017-09-23 22:19:44	End of local task; Time Taken: 1.796 sec.
Execution completed successfully
MapredLocal task succeeded
Launching Job 3 out of 9
Number of reduce tasks is set to 0 since there's no reduce operator
Starting Job = job_1505508390280_0025, Tracking URL = http://vm-32-1:8088/proxy/application_1505508390280_0025/
Kill Command = /home/ubuntu/software/hadoop-2.6.0/bin/hadoop job  -kill job_1505508390280_0025
Hadoop job information for Stage-12: number of mappers: 10; number of reducers: 0
2017-09-23 22:19:54,000 Stage-12 map = 0%,  reduce = 0%
2017-09-23 22:20:05,596 Stage-12 map = 1%,  reduce = 0%, Cumulative CPU 15.11 sec
2017-09-23 22:20:06,647 Stage-12 map = 7%,  reduce = 0%, Cumulative CPU 61.17 sec
2017-09-23 22:20:07,731 Stage-12 map = 11%,  reduce = 0%, Cumulative CPU 62.21 sec
2017-09-23 22:20:08,778 Stage-12 map = 16%,  reduce = 0%, Cumulative CPU 71.41 sec
2017-09-23 22:20:11,930 Stage-12 map = 31%,  reduce = 0%, Cumulative CPU 101.53 sec
2017-09-23 22:20:13,003 Stage-12 map = 56%,  reduce = 0%, Cumulative CPU 116.91 sec
2017-09-23 22:20:14,071 Stage-12 map = 61%,  reduce = 0%, Cumulative CPU 124.52 sec
2017-09-23 22:20:15,110 Stage-12 map = 66%,  reduce = 0%, Cumulative CPU 133.22 sec
2017-09-23 22:20:16,170 Stage-12 map = 85%,  reduce = 0%, Cumulative CPU 144.41 sec
2017-09-23 22:20:17,300 Stage-12 map = 100%,  reduce = 0%, Cumulative CPU 149.21 sec
MapReduce Total cumulative CPU time: 2 minutes 29 seconds 210 msec
Ended Job = job_1505508390280_0025
Stage-16 is selected by condition resolver.
Stage-17 is filtered out by condition resolver.
Stage-3 is filtered out by condition resolver.
SLF4J: Class path contains multiple SLF4J bindings.
SLF4J: Found binding in [jar:file:/home/ubuntu/software/tez-0.7.1-SNAPSHOT-minimal/lib/slf4j-log4j12-1.7.5.jar!/org/slf4j/impl/StaticLoggerBinder.class]
SLF4J: Found binding in [jar:file:/home/ubuntu/software/hadoop-2.6.0/share/hadoop/common/lib/slf4j-log4j12-1.7.5.jar!/org/slf4j/impl/StaticLoggerBinder.class]
SLF4J: See http://www.slf4j.org/codes.html#multiple_bindings for an explanation.
SLF4J: Actual binding is of type [org.slf4j.impl.Log4jLoggerFactory]
Execution log at: /tmp/ubuntu/ubuntu_20170923221804_290bca5c-990d-490b-abb0-fdc9aa708201.log
2017-09-23 22:20:24	Starting to launch local task to process map join;	maximum memory = 932184064
2017-09-23 22:20:25	Dump the side-table for tag: 1 with group count: 60 into file: file:/tmp/ubuntu/cd029122-fc6d-4723-8b64-f6a5346482fe/hive_2017-09-23_22-18-04_988_1292918486200151431-1/-local-10008/HashTable-Stage-9/MapJoin-mapfile01--.hashtable
2017-09-23 22:20:26	Uploaded 1 File to: file:/tmp/ubuntu/cd029122-fc6d-4723-8b64-f6a5346482fe/hive_2017-09-23_22-18-04_988_1292918486200151431-1/-local-10008/HashTable-Stage-9/MapJoin-mapfile01--.hashtable (2248 bytes)
2017-09-23 22:20:26	End of local task; Time Taken: 1.565 sec.
Execution completed successfully
MapredLocal task succeeded
Launching Job 5 out of 9
Number of reduce tasks is set to 0 since there's no reduce operator
Starting Job = job_1505508390280_0026, Tracking URL = http://vm-32-1:8088/proxy/application_1505508390280_0026/
Kill Command = /home/ubuntu/software/hadoop-2.6.0/bin/hadoop job  -kill job_1505508390280_0026
Hadoop job information for Stage-9: number of mappers: 3; number of reducers: 0
2017-09-23 22:20:33,369 Stage-9 map = 0%,  reduce = 0%
2017-09-23 22:20:43,912 Stage-9 map = 33%,  reduce = 0%, Cumulative CPU 5.87 sec
2017-09-23 22:20:44,978 Stage-9 map = 97%,  reduce = 0%, Cumulative CPU 20.34 sec
2017-09-23 22:20:46,038 Stage-9 map = 100%,  reduce = 0%, Cumulative CPU 21.42 sec
MapReduce Total cumulative CPU time: 21 seconds 420 msec
Ended Job = job_1505508390280_0026
Launching Job 6 out of 9
Number of reduce tasks not specified. Estimated from input data size: 1
In order to change the average load for a reducer (in bytes):
  set hive.exec.reducers.bytes.per.reducer=<number>
In order to limit the maximum number of reducers:
  set hive.exec.reducers.max=<number>
In order to set a constant number of reducers:
  set mapreduce.job.reduces=<number>
Starting Job = job_1505508390280_0027, Tracking URL = http://vm-32-1:8088/proxy/application_1505508390280_0027/
Kill Command = /home/ubuntu/software/hadoop-2.6.0/bin/hadoop job  -kill job_1505508390280_0027
Hadoop job information for Stage-4: number of mappers: 1; number of reducers: 1
2017-09-23 22:20:53,144 Stage-4 map = 0%,  reduce = 0%
2017-09-23 22:21:00,602 Stage-4 map = 100%,  reduce = 0%, Cumulative CPU 3.99 sec
2017-09-23 22:21:09,084 Stage-4 map = 100%,  reduce = 100%, Cumulative CPU 8.77 sec
MapReduce Total cumulative CPU time: 8 seconds 770 msec
Ended Job = job_1505508390280_0027
Launching Job 7 out of 9
Number of reduce tasks determined at compile time: 1
In order to change the average load for a reducer (in bytes):
  set hive.exec.reducers.bytes.per.reducer=<number>
In order to limit the maximum number of reducers:
  set hive.exec.reducers.max=<number>
In order to set a constant number of reducers:
  set mapreduce.job.reduces=<number>
Starting Job = job_1505508390280_0028, Tracking URL = http://vm-32-1:8088/proxy/application_1505508390280_0028/
Kill Command = /home/ubuntu/software/hadoop-2.6.0/bin/hadoop job  -kill job_1505508390280_0028
Hadoop job information for Stage-5: number of mappers: 1; number of reducers: 1
2017-09-23 22:21:20,760 Stage-5 map = 0%,  reduce = 0%
2017-09-23 22:21:28,129 Stage-5 map = 100%,  reduce = 0%, Cumulative CPU 2.85 sec
2017-09-23 22:21:33,401 Stage-5 map = 100%,  reduce = 100%, Cumulative CPU 2.85 sec
MapReduce Total cumulative CPU time: 2 seconds 850 msec
Ended Job = job_1505508390280_0028
MapReduce Jobs Launched: 
Stage-Stage-15: Map: 5   Cumulative CPU: 228.48 sec   HDFS Read: 1164950511 HDFS Write: 2535951879 SUCCESS
Stage-Stage-12: Map: 10   Cumulative CPU: 149.21 sec   HDFS Read: 2536063461 HDFS Write: 246864644 SUCCESS
Stage-Stage-9: Map: 3   Cumulative CPU: 21.42 sec   HDFS Read: 246905498 HDFS Write: 943312 SUCCESS
Stage-Stage-4: Map: 1  Reduce: 1   Cumulative CPU: 8.77 sec   HDFS Read: 951506 HDFS Write: 432344 SUCCESS
Stage-Stage-5: Map: 1  Reduce: 1   Cumulative CPU: 5.24 sec   HDFS Read: 438355 HDFS Write: 2799 SUCCESS
Total MapReduce CPU Time Spent: 6 minutes 53 seconds 120 msec
OK
Time taken: 212.095 seconds, Fetched: 100 row(s)
54.38user 5.23system 3:37.25elapsed 27%CPU (0avgtext+0avgdata 916164maxresident)k
0inputs+459544outputs (0major+216093minor)pagefaults 0swaps
