
Logging initialized using configuration in jar:file:/home/ubuntu/software/hive-1.2.1/lib/hive-common-1.2.1.jar!/hive-log4j.properties
Hive history file=/tmp/ubuntu/hive_job_log_c1c2aad8-2a52-4e09-a20c-2528bf768544_1090363927.txt
SLF4J: Class path contains multiple SLF4J bindings.
SLF4J: Found binding in [jar:file:/home/ubuntu/software/tez-0.7.1-SNAPSHOT-minimal/lib/slf4j-log4j12-1.7.5.jar!/org/slf4j/impl/StaticLoggerBinder.class]
SLF4J: Found binding in [jar:file:/home/ubuntu/software/hadoop-2.6.0/share/hadoop/common/lib/slf4j-log4j12-1.7.5.jar!/org/slf4j/impl/StaticLoggerBinder.class]
SLF4J: See http://www.slf4j.org/codes.html#multiple_bindings for an explanation.
SLF4J: Actual binding is of type [org.slf4j.impl.Log4jLoggerFactory]
OK
Time taken: 1.175 seconds
Query ID = ubuntu_20170923221527_091e0321-1606-459c-a0b7-f93ecb4e024c
Total jobs = 8
Stage-16 is selected by condition resolver.
Stage-1 is filtered out by condition resolver.
SLF4J: Class path contains multiple SLF4J bindings.
SLF4J: Found binding in [jar:file:/home/ubuntu/software/tez-0.7.1-SNAPSHOT-minimal/lib/slf4j-log4j12-1.7.5.jar!/org/slf4j/impl/StaticLoggerBinder.class]
SLF4J: Found binding in [jar:file:/home/ubuntu/software/hadoop-2.6.0/share/hadoop/common/lib/slf4j-log4j12-1.7.5.jar!/org/slf4j/impl/StaticLoggerBinder.class]
SLF4J: See http://www.slf4j.org/codes.html#multiple_bindings for an explanation.
SLF4J: Actual binding is of type [org.slf4j.impl.Log4jLoggerFactory]
Execution log at: /tmp/ubuntu/ubuntu_20170923221527_091e0321-1606-459c-a0b7-f93ecb4e024c.log
2017-09-23 22:15:34	Starting to launch local task to process map join;	maximum memory = 932184064
2017-09-23 22:15:36	Dump the side-table for tag: 1 with group count: 18445 into file: file:/tmp/ubuntu/c1c2aad8-2a52-4e09-a20c-2528bf768544/hive_2017-09-23_22-15-27_666_1034790504679193022-1/-local-10012/HashTable-Stage-11/MapJoin-mapfile21--.hashtable
2017-09-23 22:15:36	Uploaded 1 File to: file:/tmp/ubuntu/c1c2aad8-2a52-4e09-a20c-2528bf768544/hive_2017-09-23_22-15-27_666_1034790504679193022-1/-local-10012/HashTable-Stage-11/MapJoin-mapfile21--.hashtable (2960337 bytes)
2017-09-23 22:15:36	End of local task; Time Taken: 1.899 sec.
Execution completed successfully
MapredLocal task succeeded
Launching Job 2 out of 8
Number of reduce tasks is set to 0 since there's no reduce operator
Starting Job = job_1505508390280_0019, Tracking URL = http://vm-32-1:8088/proxy/application_1505508390280_0019/
Kill Command = /home/ubuntu/software/hadoop-2.6.0/bin/hadoop job  -kill job_1505508390280_0019
Hadoop job information for Stage-11: number of mappers: 26; number of reducers: 0
2017-09-23 22:15:45,540 Stage-11 map = 0%,  reduce = 0%
2017-09-23 22:15:58,282 Stage-11 map = 17%,  reduce = 0%, Cumulative CPU 51.85 sec
2017-09-23 22:15:59,329 Stage-11 map = 19%,  reduce = 0%, Cumulative CPU 70.65 sec
2017-09-23 22:16:00,383 Stage-11 map = 32%,  reduce = 0%, Cumulative CPU 83.78 sec
2017-09-23 22:16:01,462 Stage-11 map = 34%,  reduce = 0%, Cumulative CPU 86.65 sec
2017-09-23 22:16:02,526 Stage-11 map = 43%,  reduce = 0%, Cumulative CPU 95.77 sec
2017-09-23 22:16:03,594 Stage-11 map = 46%,  reduce = 0%, Cumulative CPU 97.49 sec
2017-09-23 22:16:09,878 Stage-11 map = 48%,  reduce = 0%, Cumulative CPU 103.4 sec
2017-09-23 22:16:10,962 Stage-11 map = 59%,  reduce = 0%, Cumulative CPU 131.57 sec
2017-09-23 22:16:12,043 Stage-11 map = 68%,  reduce = 0%, Cumulative CPU 151.21 sec
2017-09-23 22:16:13,102 Stage-11 map = 77%,  reduce = 0%, Cumulative CPU 160.75 sec
2017-09-23 22:16:14,146 Stage-11 map = 80%,  reduce = 0%, Cumulative CPU 174.47 sec
2017-09-23 22:16:15,204 Stage-11 map = 83%,  reduce = 0%, Cumulative CPU 181.97 sec
2017-09-23 22:16:17,343 Stage-11 map = 89%,  reduce = 0%, Cumulative CPU 188.75 sec
2017-09-23 22:16:18,418 Stage-11 map = 96%,  reduce = 0%, Cumulative CPU 196.83 sec
2017-09-23 22:16:21,607 Stage-11 map = 98%,  reduce = 0%, Cumulative CPU 205.78 sec
2017-09-23 22:16:22,681 Stage-11 map = 100%,  reduce = 0%, Cumulative CPU 207.97 sec
MapReduce Total cumulative CPU time: 3 minutes 27 seconds 970 msec
Ended Job = job_1505508390280_0019
Stage-14 is selected by condition resolver.
Stage-15 is filtered out by condition resolver.
Stage-2 is filtered out by condition resolver.
SLF4J: Class path contains multiple SLF4J bindings.
SLF4J: Found binding in [jar:file:/home/ubuntu/software/tez-0.7.1-SNAPSHOT-minimal/lib/slf4j-log4j12-1.7.5.jar!/org/slf4j/impl/StaticLoggerBinder.class]
SLF4J: Found binding in [jar:file:/home/ubuntu/software/hadoop-2.6.0/share/hadoop/common/lib/slf4j-log4j12-1.7.5.jar!/org/slf4j/impl/StaticLoggerBinder.class]
SLF4J: See http://www.slf4j.org/codes.html#multiple_bindings for an explanation.
SLF4J: Actual binding is of type [org.slf4j.impl.Log4jLoggerFactory]
Execution log at: /tmp/ubuntu/ubuntu_20170923221527_091e0321-1606-459c-a0b7-f93ecb4e024c.log
2017-09-23 22:16:28	Starting to launch local task to process map join;	maximum memory = 932184064
2017-09-23 22:16:30	Dump the side-table for tag: 1 with group count: 31 into file: file:/tmp/ubuntu/c1c2aad8-2a52-4e09-a20c-2528bf768544/hive_2017-09-23_22-15-27_666_1034790504679193022-1/-local-10008/HashTable-Stage-8/MapJoin-mapfile01--.hashtable
2017-09-23 22:16:30	Uploaded 1 File to: file:/tmp/ubuntu/c1c2aad8-2a52-4e09-a20c-2528bf768544/hive_2017-09-23_22-15-27_666_1034790504679193022-1/-local-10008/HashTable-Stage-8/MapJoin-mapfile01--.hashtable (1288 bytes)
2017-09-23 22:16:30	End of local task; Time Taken: 2.026 sec.
Execution completed successfully
MapredLocal task succeeded
Launching Job 4 out of 8
Number of reduce tasks is set to 0 since there's no reduce operator
Starting Job = job_1505508390280_0020, Tracking URL = http://vm-32-1:8088/proxy/application_1505508390280_0020/
Kill Command = /home/ubuntu/software/hadoop-2.6.0/bin/hadoop job  -kill job_1505508390280_0020
Hadoop job information for Stage-8: number of mappers: 7; number of reducers: 0
2017-09-23 22:16:37,847 Stage-8 map = 0%,  reduce = 0%
2017-09-23 22:16:47,261 Stage-8 map = 14%,  reduce = 0%, Cumulative CPU 4.52 sec
2017-09-23 22:16:49,370 Stage-8 map = 36%,  reduce = 0%, Cumulative CPU 18.86 sec
2017-09-23 22:16:50,416 Stage-8 map = 72%,  reduce = 0%, Cumulative CPU 44.2 sec
2017-09-23 22:16:51,466 Stage-8 map = 79%,  reduce = 0%, Cumulative CPU 45.84 sec
2017-09-23 22:16:52,533 Stage-8 map = 100%,  reduce = 0%, Cumulative CPU 52.26 sec
MapReduce Total cumulative CPU time: 52 seconds 260 msec
Ended Job = job_1505508390280_0020
Launching Job 5 out of 8
Number of reduce tasks not specified. Estimated from input data size: 1
In order to change the average load for a reducer (in bytes):
  set hive.exec.reducers.bytes.per.reducer=<number>
In order to limit the maximum number of reducers:
  set hive.exec.reducers.max=<number>
In order to set a constant number of reducers:
  set mapreduce.job.reduces=<number>
Starting Job = job_1505508390280_0021, Tracking URL = http://vm-32-1:8088/proxy/application_1505508390280_0021/
Kill Command = /home/ubuntu/software/hadoop-2.6.0/bin/hadoop job  -kill job_1505508390280_0021
Hadoop job information for Stage-3: number of mappers: 2; number of reducers: 1
2017-09-23 22:16:59,742 Stage-3 map = 0%,  reduce = 0%
2017-09-23 22:17:07,218 Stage-3 map = 100%,  reduce = 0%, Cumulative CPU 7.08 sec
2017-09-23 22:17:14,700 Stage-3 map = 100%,  reduce = 100%, Cumulative CPU 10.82 sec
MapReduce Total cumulative CPU time: 10 seconds 820 msec
Ended Job = job_1505508390280_0021
Launching Job 6 out of 8
Number of reduce tasks not specified. Estimated from input data size: 1
In order to change the average load for a reducer (in bytes):
  set hive.exec.reducers.bytes.per.reducer=<number>
In order to limit the maximum number of reducers:
  set hive.exec.reducers.max=<number>
In order to set a constant number of reducers:
  set mapreduce.job.reduces=<number>
Starting Job = job_1505508390280_0022, Tracking URL = http://vm-32-1:8088/proxy/application_1505508390280_0022/
Kill Command = /home/ubuntu/software/hadoop-2.6.0/bin/hadoop job  -kill job_1505508390280_0022
Hadoop job information for Stage-4: number of mappers: 1; number of reducers: 1
2017-09-23 22:17:21,923 Stage-4 map = 0%,  reduce = 0%
2017-09-23 22:17:29,361 Stage-4 map = 100%,  reduce = 0%, Cumulative CPU 2.83 sec
2017-09-23 22:17:36,768 Stage-4 map = 100%,  reduce = 100%, Cumulative CPU 6.61 sec
MapReduce Total cumulative CPU time: 6 seconds 610 msec
Ended Job = job_1505508390280_0022
Launching Job 7 out of 8
Number of reduce tasks determined at compile time: 1
In order to change the average load for a reducer (in bytes):
  set hive.exec.reducers.bytes.per.reducer=<number>
In order to limit the maximum number of reducers:
  set hive.exec.reducers.max=<number>
In order to set a constant number of reducers:
  set mapreduce.job.reduces=<number>
Starting Job = job_1505508390280_0023, Tracking URL = http://vm-32-1:8088/proxy/application_1505508390280_0023/
Kill Command = /home/ubuntu/software/hadoop-2.6.0/bin/hadoop job  -kill job_1505508390280_0023
Hadoop job information for Stage-5: number of mappers: 1; number of reducers: 1
2017-09-23 22:17:44,971 Stage-5 map = 0%,  reduce = 0%
2017-09-23 22:17:51,365 Stage-5 map = 100%,  reduce = 0%, Cumulative CPU 2.95 sec
2017-09-23 22:17:57,740 Stage-5 map = 100%,  reduce = 100%, Cumulative CPU 5.27 sec
MapReduce Total cumulative CPU time: 5 seconds 270 msec
Ended Job = job_1505508390280_0023
MapReduce Jobs Launched: 
Stage-Stage-11: Map: 26   Cumulative CPU: 207.97 sec   HDFS Read: 7607677636 HDFS Write: 1850142725 SUCCESS
Stage-Stage-8: Map: 7   Cumulative CPU: 52.26 sec   HDFS Read: 1850233112 HDFS Write: 8219288 SUCCESS
Stage-Stage-3: Map: 2  Reduce: 1   Cumulative CPU: 10.82 sec   HDFS Read: 8228996 HDFS Write: 1533078 SUCCESS
Stage-Stage-4: Map: 1  Reduce: 1   Cumulative CPU: 6.61 sec   HDFS Read: 1541807 HDFS Write: 1607722 SUCCESS
Stage-Stage-5: Map: 1  Reduce: 1   Cumulative CPU: 5.27 sec   HDFS Read: 1613891 HDFS Write: 18517 SUCCESS
Total MapReduce CPU Time Spent: 4 minutes 42 seconds 930 msec
OK
Time taken: 152.361 seconds, Fetched: 100 row(s)
44.50user 4.01system 2:37.62elapsed 30%CPU (0avgtext+0avgdata 899444maxresident)k
0inputs+313552outputs (0major+178006minor)pagefaults 0swaps
