
Logging initialized using configuration in jar:file:/home/ubuntu/software/hive-1.2.1/lib/hive-common-1.2.1.jar!/hive-log4j.properties
Hive history file=/tmp/ubuntu/hive_job_log_7f5c247c-98a7-4b98-898a-ffd776c905a5_1702147642.txt
SLF4J: Class path contains multiple SLF4J bindings.
SLF4J: Found binding in [jar:file:/home/ubuntu/software/tez-0.7.1-SNAPSHOT-minimal/lib/slf4j-log4j12-1.7.5.jar!/org/slf4j/impl/StaticLoggerBinder.class]
SLF4J: Found binding in [jar:file:/home/ubuntu/software/hadoop-2.6.0/share/hadoop/common/lib/slf4j-log4j12-1.7.5.jar!/org/slf4j/impl/StaticLoggerBinder.class]
SLF4J: See http://www.slf4j.org/codes.html#multiple_bindings for an explanation.
SLF4J: Actual binding is of type [org.slf4j.impl.Log4jLoggerFactory]
OK
Time taken: 1.075 seconds
Query ID = ubuntu_20170923223409_1e75ecd9-532b-4db6-a4ec-7e093be6d3d0
Total jobs = 16
Stage-1 is selected by condition resolver.
Launching Job 1 out of 16
Number of reduce tasks not specified. Estimated from input data size: 32
In order to change the average load for a reducer (in bytes):
  set hive.exec.reducers.bytes.per.reducer=<number>
In order to limit the maximum number of reducers:
  set hive.exec.reducers.max=<number>
In order to set a constant number of reducers:
  set mapreduce.job.reduces=<number>
Starting Job = job_1505508390280_0041, Tracking URL = http://vm-32-1:8088/proxy/application_1505508390280_0041/
Kill Command = /home/ubuntu/software/hadoop-2.6.0/bin/hadoop job  -kill job_1505508390280_0041
Hadoop job information for Stage-1: number of mappers: 29; number of reducers: 32
2017-09-23 22:34:21,997 Stage-1 map = 0%,  reduce = 0%
2017-09-23 22:34:34,741 Stage-1 map = 2%,  reduce = 0%, Cumulative CPU 68.68 sec
2017-09-23 22:34:36,966 Stage-1 map = 5%,  reduce = 0%, Cumulative CPU 76.68 sec
2017-09-23 22:34:38,187 Stage-1 map = 14%,  reduce = 0%, Cumulative CPU 99.87 sec
2017-09-23 22:34:40,509 Stage-1 map = 23%,  reduce = 0%, Cumulative CPU 126.93 sec
2017-09-23 22:34:41,687 Stage-1 map = 28%,  reduce = 0%, Cumulative CPU 132.92 sec
2017-09-23 22:34:42,773 Stage-1 map = 30%,  reduce = 0%, Cumulative CPU 137.64 sec
2017-09-23 22:34:43,903 Stage-1 map = 37%,  reduce = 0%, Cumulative CPU 154.36 sec
2017-09-23 22:34:44,979 Stage-1 map = 40%,  reduce = 0%, Cumulative CPU 157.87 sec
2017-09-23 22:34:46,104 Stage-1 map = 41%,  reduce = 0%, Cumulative CPU 159.82 sec
2017-09-23 22:34:51,377 Stage-1 map = 42%,  reduce = 0%, Cumulative CPU 165.61 sec
2017-09-23 22:34:54,616 Stage-1 map = 46%,  reduce = 0%, Cumulative CPU 208.0 sec
2017-09-23 22:34:55,842 Stage-1 map = 47%,  reduce = 0%, Cumulative CPU 227.47 sec
2017-09-23 22:34:56,939 Stage-1 map = 54%,  reduce = 0%, Cumulative CPU 250.0 sec
2017-09-23 22:34:58,009 Stage-1 map = 56%,  reduce = 0%, Cumulative CPU 253.48 sec
2017-09-23 22:34:59,077 Stage-1 map = 57%,  reduce = 0%, Cumulative CPU 258.67 sec
2017-09-23 22:35:00,166 Stage-1 map = 62%,  reduce = 0%, Cumulative CPU 273.74 sec
2017-09-23 22:35:01,213 Stage-1 map = 63%,  reduce = 0%, Cumulative CPU 276.15 sec
2017-09-23 22:35:02,304 Stage-1 map = 68%,  reduce = 0%, Cumulative CPU 289.1 sec
2017-09-23 22:35:03,379 Stage-1 map = 78%,  reduce = 0%, Cumulative CPU 306.17 sec
2017-09-23 22:35:04,461 Stage-1 map = 79%,  reduce = 0%, Cumulative CPU 308.67 sec
2017-09-23 22:35:05,521 Stage-1 map = 82%,  reduce = 0%, Cumulative CPU 313.68 sec
2017-09-23 22:35:06,587 Stage-1 map = 83%,  reduce = 0%, Cumulative CPU 314.69 sec
2017-09-23 22:35:09,781 Stage-1 map = 88%,  reduce = 0%, Cumulative CPU 325.61 sec
2017-09-23 22:35:11,919 Stage-1 map = 91%,  reduce = 0%, Cumulative CPU 343.19 sec
2017-09-23 22:35:12,994 Stage-1 map = 92%,  reduce = 0%, Cumulative CPU 350.15 sec
2017-09-23 22:35:15,132 Stage-1 map = 95%,  reduce = 0%, Cumulative CPU 359.31 sec
2017-09-23 22:35:16,253 Stage-1 map = 96%,  reduce = 0%, Cumulative CPU 362.47 sec
2017-09-23 22:35:18,406 Stage-1 map = 97%,  reduce = 0%, Cumulative CPU 365.63 sec
2017-09-23 22:35:19,495 Stage-1 map = 99%,  reduce = 0%, Cumulative CPU 370.03 sec
2017-09-23 22:35:20,584 Stage-1 map = 100%,  reduce = 0%, Cumulative CPU 371.79 sec
2017-09-23 22:35:32,440 Stage-1 map = 100%,  reduce = 9%, Cumulative CPU 389.54 sec
2017-09-23 22:35:33,543 Stage-1 map = 100%,  reduce = 15%, Cumulative CPU 401.68 sec
2017-09-23 22:35:34,597 Stage-1 map = 100%,  reduce = 21%, Cumulative CPU 412.73 sec
2017-09-23 22:35:35,640 Stage-1 map = 100%,  reduce = 33%, Cumulative CPU 437.98 sec
2017-09-23 22:35:36,689 Stage-1 map = 100%,  reduce = 37%, Cumulative CPU 447.12 sec
2017-09-23 22:35:37,815 Stage-1 map = 100%,  reduce = 38%, Cumulative CPU 447.65 sec
2017-09-23 22:35:43,179 Stage-1 map = 100%,  reduce = 44%, Cumulative CPU 459.03 sec
2017-09-23 22:35:44,238 Stage-1 map = 100%,  reduce = 47%, Cumulative CPU 465.29 sec
2017-09-23 22:35:45,329 Stage-1 map = 100%,  reduce = 53%, Cumulative CPU 476.71 sec
2017-09-23 22:35:46,388 Stage-1 map = 100%,  reduce = 59%, Cumulative CPU 482.56 sec
2017-09-23 22:35:47,443 Stage-1 map = 100%,  reduce = 72%, Cumulative CPU 511.39 sec
2017-09-23 22:35:48,497 Stage-1 map = 100%,  reduce = 75%, Cumulative CPU 517.17 sec
2017-09-23 22:35:53,780 Stage-1 map = 100%,  reduce = 81%, Cumulative CPU 529.81 sec
2017-09-23 22:35:54,845 Stage-1 map = 100%,  reduce = 84%, Cumulative CPU 535.81 sec
2017-09-23 22:35:55,922 Stage-1 map = 100%,  reduce = 94%, Cumulative CPU 554.74 sec
2017-09-23 22:35:57,006 Stage-1 map = 100%,  reduce = 100%, Cumulative CPU 568.2 sec
MapReduce Total cumulative CPU time: 9 minutes 28 seconds 200 msec
Ended Job = job_1505508390280_0041
SLF4J: Class path contains multiple SLF4J bindings.
SLF4J: Found binding in [jar:file:/home/ubuntu/software/tez-0.7.1-SNAPSHOT-minimal/lib/slf4j-log4j12-1.7.5.jar!/org/slf4j/impl/StaticLoggerBinder.class]
SLF4J: Found binding in [jar:file:/home/ubuntu/software/hadoop-2.6.0/share/hadoop/common/lib/slf4j-log4j12-1.7.5.jar!/org/slf4j/impl/StaticLoggerBinder.class]
SLF4J: See http://www.slf4j.org/codes.html#multiple_bindings for an explanation.
SLF4J: Actual binding is of type [org.slf4j.impl.Log4jLoggerFactory]
Execution log at: /tmp/ubuntu/ubuntu_20170923223409_1e75ecd9-532b-4db6-a4ec-7e093be6d3d0.log
2017-09-23 22:36:01	Starting to launch local task to process map join;	maximum memory = 932184064
2017-09-23 22:36:03	Dump the side-table for tag: 1 with group count: 876 into file: file:/tmp/ubuntu/7f5c247c-98a7-4b98-898a-ffd776c905a5/hive_2017-09-23_22-34-09_329_4745452851766776704-1/-local-10030/HashTable-Stage-30/MapJoin-mapfile91--.hashtable
2017-09-23 22:36:03	Uploaded 1 File to: file:/tmp/ubuntu/7f5c247c-98a7-4b98-898a-ffd776c905a5/hive_2017-09-23_22-34-09_329_4745452851766776704-1/-local-10030/HashTable-Stage-30/MapJoin-mapfile91--.hashtable (17481 bytes)
2017-09-23 22:36:03	End of local task; Time Taken: 1.496 sec.
Execution completed successfully
MapredLocal task succeeded
Launching Job 2 out of 16
Number of reduce tasks is set to 0 since there's no reduce operator
Starting Job = job_1505508390280_0042, Tracking URL = http://vm-32-1:8088/proxy/application_1505508390280_0042/
Kill Command = /home/ubuntu/software/hadoop-2.6.0/bin/hadoop job  -kill job_1505508390280_0042
Hadoop job information for Stage-30: number of mappers: 3; number of reducers: 0
2017-09-23 22:36:10,292 Stage-30 map = 0%,  reduce = 0%
2017-09-23 22:36:21,896 Stage-30 map = 47%,  reduce = 0%, Cumulative CPU 20.16 sec
2017-09-23 22:36:25,065 Stage-30 map = 91%,  reduce = 0%, Cumulative CPU 29.52 sec
2017-09-23 22:36:26,153 Stage-30 map = 100%,  reduce = 0%, Cumulative CPU 31.12 sec
MapReduce Total cumulative CPU time: 31 seconds 120 msec
Ended Job = job_1505508390280_0042
Stage-41 is filtered out by condition resolver.
Stage-42 is filtered out by condition resolver.
Stage-3 is selected by condition resolver.
Launching Job 3 out of 16
Number of reduce tasks not specified. Estimated from input data size: 2
In order to change the average load for a reducer (in bytes):
  set hive.exec.reducers.bytes.per.reducer=<number>
In order to limit the maximum number of reducers:
  set hive.exec.reducers.max=<number>
In order to set a constant number of reducers:
  set mapreduce.job.reduces=<number>
Starting Job = job_1505508390280_0043, Tracking URL = http://vm-32-1:8088/proxy/application_1505508390280_0043/
Kill Command = /home/ubuntu/software/hadoop-2.6.0/bin/hadoop job  -kill job_1505508390280_0043
Hadoop job information for Stage-3: number of mappers: 4; number of reducers: 2
2017-09-23 22:36:34,664 Stage-3 map = 0%,  reduce = 0%
2017-09-23 22:36:47,271 Stage-3 map = 75%,  reduce = 0%, Cumulative CPU 23.33 sec
2017-09-23 22:36:50,458 Stage-3 map = 81%,  reduce = 0%, Cumulative CPU 26.55 sec
2017-09-23 22:36:56,865 Stage-3 map = 86%,  reduce = 0%, Cumulative CPU 32.87 sec
2017-09-23 22:36:58,999 Stage-3 map = 92%,  reduce = 0%, Cumulative CPU 36.27 sec
2017-09-23 22:37:04,328 Stage-3 map = 100%,  reduce = 0%, Cumulative CPU 41.18 sec
2017-09-23 22:37:14,933 Stage-3 map = 100%,  reduce = 70%, Cumulative CPU 56.87 sec
2017-09-23 22:37:18,135 Stage-3 map = 100%,  reduce = 78%, Cumulative CPU 63.72 sec
2017-09-23 22:37:21,336 Stage-3 map = 100%,  reduce = 87%, Cumulative CPU 70.72 sec
2017-09-23 22:37:24,529 Stage-3 map = 100%,  reduce = 96%, Cumulative CPU 77.64 sec
2017-09-23 22:37:25,615 Stage-3 map = 100%,  reduce = 97%, Cumulative CPU 78.64 sec
2017-09-23 22:37:26,702 Stage-3 map = 100%,  reduce = 100%, Cumulative CPU 81.36 sec
MapReduce Total cumulative CPU time: 1 minutes 21 seconds 360 msec
Ended Job = job_1505508390280_0043
Stage-39 is filtered out by condition resolver.
Stage-40 is filtered out by condition resolver.
Stage-4 is selected by condition resolver.
Launching Job 4 out of 16
Number of reduce tasks not specified. Estimated from input data size: 2
In order to change the average load for a reducer (in bytes):
  set hive.exec.reducers.bytes.per.reducer=<number>
In order to limit the maximum number of reducers:
  set hive.exec.reducers.max=<number>
In order to set a constant number of reducers:
  set mapreduce.job.reduces=<number>
Starting Job = job_1505508390280_0044, Tracking URL = http://vm-32-1:8088/proxy/application_1505508390280_0044/
Kill Command = /home/ubuntu/software/hadoop-2.6.0/bin/hadoop job  -kill job_1505508390280_0044
Hadoop job information for Stage-4: number of mappers: 5; number of reducers: 2
2017-09-23 22:37:34,273 Stage-4 map = 0%,  reduce = 0%
2017-09-23 22:37:45,981 Stage-4 map = 40%,  reduce = 0%, Cumulative CPU 18.49 sec
2017-09-23 22:37:47,116 Stage-4 map = 60%,  reduce = 0%, Cumulative CPU 30.53 sec
2017-09-23 22:37:51,370 Stage-4 map = 72%,  reduce = 0%, Cumulative CPU 40.42 sec
2017-09-23 22:37:52,450 Stage-4 map = 84%,  reduce = 0%, Cumulative CPU 43.77 sec
2017-09-23 22:37:53,533 Stage-4 map = 92%,  reduce = 0%, Cumulative CPU 46.91 sec
2017-09-23 22:37:55,693 Stage-4 map = 100%,  reduce = 0%, Cumulative CPU 49.87 sec
2017-09-23 22:38:06,386 Stage-4 map = 100%,  reduce = 69%, Cumulative CPU 65.62 sec
2017-09-23 22:38:09,579 Stage-4 map = 100%,  reduce = 76%, Cumulative CPU 72.56 sec
2017-09-23 22:38:12,777 Stage-4 map = 100%,  reduce = 83%, Cumulative CPU 79.4 sec
2017-09-23 22:38:14,926 Stage-4 map = 100%,  reduce = 86%, Cumulative CPU 82.87 sec
2017-09-23 22:38:16,013 Stage-4 map = 100%,  reduce = 90%, Cumulative CPU 86.24 sec
2017-09-23 22:38:18,171 Stage-4 map = 100%,  reduce = 93%, Cumulative CPU 89.65 sec
2017-09-23 22:38:19,255 Stage-4 map = 100%,  reduce = 97%, Cumulative CPU 93.53 sec
2017-09-23 22:38:21,382 Stage-4 map = 100%,  reduce = 100%, Cumulative CPU 96.9 sec
MapReduce Total cumulative CPU time: 1 minutes 36 seconds 900 msec
Ended Job = job_1505508390280_0044
Stage-37 is filtered out by condition resolver.
Stage-38 is filtered out by condition resolver.
Stage-5 is selected by condition resolver.
Launching Job 5 out of 16
Number of reduce tasks not specified. Estimated from input data size: 2
In order to change the average load for a reducer (in bytes):
  set hive.exec.reducers.bytes.per.reducer=<number>
In order to limit the maximum number of reducers:
  set hive.exec.reducers.max=<number>
In order to set a constant number of reducers:
  set mapreduce.job.reduces=<number>
Starting Job = job_1505508390280_0045, Tracking URL = http://vm-32-1:8088/proxy/application_1505508390280_0045/
Kill Command = /home/ubuntu/software/hadoop-2.6.0/bin/hadoop job  -kill job_1505508390280_0045
Hadoop job information for Stage-5: number of mappers: 3; number of reducers: 2
2017-09-23 22:38:29,869 Stage-5 map = 0%,  reduce = 0%
2017-09-23 22:38:39,286 Stage-5 map = 33%,  reduce = 0%, Cumulative CPU 4.66 sec
2017-09-23 22:38:47,723 Stage-5 map = 68%,  reduce = 0%, Cumulative CPU 30.29 sec
2017-09-23 22:38:50,904 Stage-5 map = 78%,  reduce = 0%, Cumulative CPU 37.17 sec
2017-09-23 22:38:54,116 Stage-5 map = 100%,  reduce = 0%, Cumulative CPU 44.03 sec
2017-09-23 22:39:05,740 Stage-5 map = 100%,  reduce = 68%, Cumulative CPU 57.07 sec
2017-09-23 22:39:07,862 Stage-5 map = 100%,  reduce = 71%, Cumulative CPU 60.7 sec
2017-09-23 22:39:08,933 Stage-5 map = 100%,  reduce = 75%, Cumulative CPU 64.23 sec
2017-09-23 22:39:11,067 Stage-5 map = 100%,  reduce = 82%, Cumulative CPU 71.25 sec
2017-09-23 22:39:14,247 Stage-5 map = 100%,  reduce = 88%, Cumulative CPU 78.28 sec
2017-09-23 22:39:17,441 Stage-5 map = 100%,  reduce = 94%, Cumulative CPU 84.97 sec
2017-09-23 22:39:19,568 Stage-5 map = 100%,  reduce = 96%, Cumulative CPU 86.81 sec
2017-09-23 22:39:20,631 Stage-5 map = 100%,  reduce = 100%, Cumulative CPU 90.65 sec
MapReduce Total cumulative CPU time: 1 minutes 30 seconds 650 msec
Ended Job = job_1505508390280_0045
Stage-35 is selected by condition resolver.
Stage-36 is filtered out by condition resolver.
Stage-6 is filtered out by condition resolver.
SLF4J: Class path contains multiple SLF4J bindings.
SLF4J: Found binding in [jar:file:/home/ubuntu/software/tez-0.7.1-SNAPSHOT-minimal/lib/slf4j-log4j12-1.7.5.jar!/org/slf4j/impl/StaticLoggerBinder.class]
SLF4J: Found binding in [jar:file:/home/ubuntu/software/hadoop-2.6.0/share/hadoop/common/lib/slf4j-log4j12-1.7.5.jar!/org/slf4j/impl/StaticLoggerBinder.class]
SLF4J: See http://www.slf4j.org/codes.html#multiple_bindings for an explanation.
SLF4J: Actual binding is of type [org.slf4j.impl.Log4jLoggerFactory]
Execution log at: /tmp/ubuntu/ubuntu_20170923223409_1e75ecd9-532b-4db6-a4ec-7e093be6d3d0.log
2017-09-23 22:39:26	Starting to launch local task to process map join;	maximum memory = 932184064
2017-09-23 22:39:27	Dump the side-table for tag: 1 with group count: 365 into file: file:/tmp/ubuntu/7f5c247c-98a7-4b98-898a-ffd776c905a5/hive_2017-09-23_22-34-09_329_4745452851766776704-1/-local-10014/HashTable-Stage-18/MapJoin-mapfile11--.hashtable
2017-09-23 22:39:27	Uploaded 1 File to: file:/tmp/ubuntu/7f5c247c-98a7-4b98-898a-ffd776c905a5/hive_2017-09-23_22-34-09_329_4745452851766776704-1/-local-10014/HashTable-Stage-18/MapJoin-mapfile11--.hashtable (7963 bytes)
2017-09-23 22:39:27	End of local task; Time Taken: 1.751 sec.
Execution completed successfully
MapredLocal task succeeded
Launching Job 7 out of 16
Number of reduce tasks is set to 0 since there's no reduce operator
Starting Job = job_1505508390280_0046, Tracking URL = http://vm-32-1:8088/proxy/application_1505508390280_0046/
Kill Command = /home/ubuntu/software/hadoop-2.6.0/bin/hadoop job  -kill job_1505508390280_0046
Hadoop job information for Stage-18: number of mappers: 2; number of reducers: 0
2017-09-23 22:39:34,532 Stage-18 map = 0%,  reduce = 0%
2017-09-23 22:39:48,313 Stage-18 map = 64%,  reduce = 0%, Cumulative CPU 22.13 sec
2017-09-23 22:39:49,581 Stage-18 map = 100%,  reduce = 0%, Cumulative CPU 23.04 sec
MapReduce Total cumulative CPU time: 23 seconds 40 msec
Ended Job = job_1505508390280_0046
SLF4J: Class path contains multiple SLF4J bindings.
SLF4J: Found binding in [jar:file:/home/ubuntu/software/tez-0.7.1-SNAPSHOT-minimal/lib/slf4j-log4j12-1.7.5.jar!/org/slf4j/impl/StaticLoggerBinder.class]
SLF4J: Found binding in [jar:file:/home/ubuntu/software/hadoop-2.6.0/share/hadoop/common/lib/slf4j-log4j12-1.7.5.jar!/org/slf4j/impl/StaticLoggerBinder.class]
SLF4J: See http://www.slf4j.org/codes.html#multiple_bindings for an explanation.
SLF4J: Actual binding is of type [org.slf4j.impl.Log4jLoggerFactory]
Execution log at: /tmp/ubuntu/ubuntu_20170923223409_1e75ecd9-532b-4db6-a4ec-7e093be6d3d0.log
2017-09-23 22:39:54	Starting to launch local task to process map join;	maximum memory = 932184064
2017-09-23 22:39:55	Dump the side-table for tag: 1 with group count: 39 into file: file:/tmp/ubuntu/7f5c247c-98a7-4b98-898a-ffd776c905a5/hive_2017-09-23_22-34-09_329_4745452851766776704-1/-local-10012/HashTable-Stage-8/MapJoin-mapfile01--.hashtable
2017-09-23 22:39:55	Uploaded 1 File to: file:/tmp/ubuntu/7f5c247c-98a7-4b98-898a-ffd776c905a5/hive_2017-09-23_22-34-09_329_4745452851766776704-1/-local-10012/HashTable-Stage-8/MapJoin-mapfile01--.hashtable (1662 bytes)
2017-09-23 22:39:55	End of local task; Time Taken: 1.148 sec.
Execution completed successfully
MapredLocal task succeeded
Launching Job 8 out of 16
Number of reduce tasks not specified. Estimated from input data size: 1
In order to change the average load for a reducer (in bytes):
  set hive.exec.reducers.bytes.per.reducer=<number>
In order to limit the maximum number of reducers:
  set hive.exec.reducers.max=<number>
In order to set a constant number of reducers:
  set mapreduce.job.reduces=<number>
Starting Job = job_1505508390280_0047, Tracking URL = http://vm-32-1:8088/proxy/application_1505508390280_0047/
Kill Command = /home/ubuntu/software/hadoop-2.6.0/bin/hadoop job  -kill job_1505508390280_0047
Hadoop job information for Stage-8: number of mappers: 1; number of reducers: 1
2017-09-23 22:40:01,291 Stage-8 map = 0%,  reduce = 0%
2017-09-23 22:40:12,857 Stage-8 map = 33%,  reduce = 0%, Cumulative CPU 7.89 sec
2017-09-23 22:40:14,995 Stage-8 map = 100%,  reduce = 0%, Cumulative CPU 11.31 sec
2017-09-23 22:40:23,492 Stage-8 map = 100%,  reduce = 100%, Cumulative CPU 13.71 sec
MapReduce Total cumulative CPU time: 13 seconds 710 msec
Ended Job = job_1505508390280_0047
Launching Job 9 out of 16
Number of reduce tasks determined at compile time: 1
In order to change the average load for a reducer (in bytes):
  set hive.exec.reducers.bytes.per.reducer=<number>
In order to limit the maximum number of reducers:
  set hive.exec.reducers.max=<number>
In order to set a constant number of reducers:
  set mapreduce.job.reduces=<number>
Starting Job = job_1505508390280_0048, Tracking URL = http://vm-32-1:8088/proxy/application_1505508390280_0048/
Kill Command = /home/ubuntu/software/hadoop-2.6.0/bin/hadoop job  -kill job_1505508390280_0048
Hadoop job information for Stage-9: number of mappers: 1; number of reducers: 1
2017-09-23 22:40:31,295 Stage-9 map = 0%,  reduce = 0%
2017-09-23 22:40:37,712 Stage-9 map = 100%,  reduce = 0%, Cumulative CPU 1.73 sec
2017-09-23 22:40:44,138 Stage-9 map = 100%,  reduce = 100%, Cumulative CPU 3.39 sec
MapReduce Total cumulative CPU time: 3 seconds 390 msec
Ended Job = job_1505508390280_0048
MapReduce Jobs Launched: 
Stage-Stage-1: Map: 29  Reduce: 32   Cumulative CPU: 568.2 sec   HDFS Read: 8124252246 HDFS Write: 226967742 SUCCESS
Stage-Stage-30: Map: 3   Cumulative CPU: 31.12 sec   HDFS Read: 226998435 HDFS Write: 235481435 SUCCESS
Stage-Stage-3: Map: 4  Reduce: 2   Cumulative CPU: 81.36 sec   HDFS Read: 316186592 HDFS Write: 293830062 SUCCESS
Stage-Stage-4: Map: 5  Reduce: 2   Cumulative CPU: 96.9 sec   HDFS Read: 374552864 HDFS Write: 348836452 SUCCESS
Stage-Stage-5: Map: 3  Reduce: 2   Cumulative CPU: 90.65 sec   HDFS Read: 391386111 HDFS Write: 419920193 SUCCESS
Stage-Stage-18: Map: 2   Cumulative CPU: 23.04 sec   HDFS Read: 419949372 HDFS Write: 85556507 SUCCESS
Stage-Stage-8: Map: 1  Reduce: 1   Cumulative CPU: 13.71 sec   HDFS Read: 85590137 HDFS Write: 1858 SUCCESS
Stage-Stage-9: Map: 1  Reduce: 1   Cumulative CPU: 3.39 sec   HDFS Read: 7087 HDFS Write: 1783 SUCCESS
Total MapReduce CPU Time Spent: 15 minutes 8 seconds 370 msec
OK
Time taken: 396.022 seconds, Fetched: 32 row(s)
66.28user 5.99system 6:41.42elapsed 18%CPU (0avgtext+0avgdata 1209420maxresident)k
184inputs+491224outputs (5major+262686minor)pagefaults 0swaps
